# JRE version: Java(TM) SE Runtime Environment (8.0_20-b26) (build 1.8.0_20-b26)
# Java VM: Java HotSpot(TM) 64-Bit Server VM (25.20-b23 mixed mode windows-amd64 compressed oops)
Heap:
 PSYoungGen      total 37888K, used 4236K [0x00000000d6000000, 0x00000000d9280000, 0x0000000100000000)
  eden space 32768K, 0% used [0x00000000d6000000,0x00000000d6000000,0x00000000d8000000)
  from space 5120K, 82% used [0x00000000d8000000,0x00000000d84232c0,0x00000000d8500000)
  to   space 5120K, 0% used [0x00000000d8500000,0x00000000d8500000,0x00000000d8a00000)
 ParOldGen       total 62464K, used 2123K [0x0000000082000000, 0x0000000085d00000, 0x00000000d6000000)
  object space 62464K, 3% used [0x0000000082000000,0x0000000082212fa0,0x0000000085d00000)
 Metaspace       used 11453K, capacity 11628K, committed 11776K, reserved 1067008K
  class space    used 1378K, capacity 1448K, committed 1536K, reserved 1048576K
GC Heap History (9 events):
Event: 1.635 GC heap before
{Heap before GC invocations=1 (full 0):
 PSYoungGen      total 37888K, used 11217K [0x00000000d6000000, 0x00000000d8a00000, 0x0000000100000000)
  eden space 32768K, 34% used [0x00000000d6000000,0x00000000d6af4668,0x00000000d8000000)
  from space 5120K, 0% used [0x00000000d8500000,0x00000000d8500000,0x00000000d8a00000)
  to   space 5120K, 0% used [0x00000000d8000000,0x00000000d8000000,0x00000000d8500000)
 ParOldGen       total 86016K, used 0K [0x0000000082000000, 0x0000000087400000, 0x00000000d6000000)
  object space 86016K, 0% used [0x0000000082000000,0x0000000082000000,0x0000000087400000)
 Metaspace       used 5590K, capacity 5760K, committed 5888K, reserved 1060864K
  class space    used 590K, capacity 668K, committed 768K, reserved 1048576K
Event: 1.639 GC heap after
Heap after GC invocations=1 (full 0):
 PSYoungGen      total 37888K, used 2252K [0x00000000d6000000, 0x00000000d8a00000, 0x0000000100000000)
  eden space 32768K, 0% used [0x00000000d6000000,0x00000000d6000000,0x00000000d8000000)
  from space 5120K, 43% used [0x00000000d8000000,0x00000000d8233080,0x00000000d8500000)
  to   space 5120K, 0% used [0x00000000d8500000,0x00000000d8500000,0x00000000d8a00000)
 ParOldGen       total 86016K, used 8K [0x0000000082000000, 0x0000000087400000, 0x00000000d6000000)
  object space 86016K, 0% used [0x0000000082000000,0x0000000082002000,0x0000000087400000)
 Metaspace       used 5590K, capacity 5760K, committed 5888K, reserved 1060864K
  class space    used 590K, capacity 668K, committed 768K, reserved 1048576K
}
Event: 1.639 GC heap before
{Heap before GC invocations=2 (full 1):
 PSYoungGen      total 37888K, used 2252K [0x00000000d6000000, 0x00000000d8a00000, 0x0000000100000000)
  eden space 32768K, 0% used [0x00000000d6000000,0x00000000d6000000,0x00000000d8000000)
  from space 5120K, 43% used [0x00000000d8000000,0x00000000d8233080,0x00000000d8500000)
  to   space 5120K, 0% used [0x00000000d8500000,0x00000000d8500000,0x00000000d8a00000)
 ParOldGen       total 86016K, used 8K [0x0000000082000000, 0x0000000087400000, 0x00000000d6000000)
  object space 86016K, 0% used [0x0000000082000000,0x0000000082002000,0x0000000087400000)
 Metaspace       used 5590K, capacity 5760K, committed 5888K, reserved 1060864K
  class space    used 590K, capacity 668K, committed 768K, reserved 1048576K
Event: 1.655 GC heap after
Heap after GC invocations=2 (full 1):
 PSYoungGen      total 37888K, used 0K [0x00000000d6000000, 0x00000000d8a00000, 0x0000000100000000)
  eden space 32768K, 0% used [0x00000000d6000000,0x00000000d6000000,0x00000000d8000000)
  from space 5120K, 0% used [0x00000000d8000000,0x00000000d8000000,0x00000000d8500000)
  to   space 5120K, 0% used [0x00000000d8500000,0x00000000d8500000,0x00000000d8a00000)
 ParOldGen       total 62464K, used 2107K [0x0000000082000000, 0x0000000085d00000, 0x00000000d6000000)
  object space 62464K, 3% used [0x0000000082000000,0x000000008220efa0,0x0000000085d00000)
 Metaspace       used 5590K, capacity 5760K, committed 5888K, reserved 1058816K
  class space    used 590K, capacity 668K, committed 768K, reserved 1048576K
}
Event: 2.637 GC heap before
{Heap before GC invocations=3 (full 1):
 PSYoungGen      total 37888K, used 32768K [0x00000000d6000000, 0x00000000d8a00000, 0x0000000100000000)
  eden space 32768K, 100% used [0x00000000d6000000,0x00000000d8000000,0x00000000d8000000)
  from space 5120K, 0% used [0x00000000d8000000,0x00000000d8000000,0x00000000d8500000)
  to   space 5120K, 0% used [0x00000000d8500000,0x00000000d8500000,0x00000000d8a00000)
 ParOldGen       total 62464K, used 2107K [0x0000000082000000, 0x0000000085d00000, 0x00000000d6000000)
  object space 62464K, 3% used [0x0000000082000000,0x000000008220efa0,0x0000000085d00000)
 Metaspace       used 9304K, capacity 9488K, committed 9728K, reserved 1060864K
  class space    used 1112K, capacity 1183K, committed 1280K, reserved 1048576K
Event: 2.642 GC heap after
Heap after GC invocations=3 (full 1):
 PSYoungGen      total 37888K, used 3842K [0x00000000d6000000, 0x00000000d9280000, 0x0000000100000000)
  eden space 32768K, 0% used [0x00000000d6000000,0x00000000d6000000,0x00000000d8000000)
  from space 5120K, 75% used [0x00000000d8500000,0x00000000d88c0980,0x00000000d8a00000)
  to   space 5120K, 0% used [0x00000000d8000000,0x00000000d8000000,0x00000000d8500000)
 ParOldGen       total 62464K, used 2115K [0x0000000082000000, 0x0000000085d00000, 0x00000000d6000000)
  object space 62464K, 3% used [0x0000000082000000,0x0000000082210fa0,0x0000000085d00000)
 Metaspace       used 9304K, capacity 9488K, committed 9728K, reserved 1060864K
  class space    used 1112K, capacity 1183K, committed 1280K, reserved 1048576K
}
Event: 3.083 GC heap before
{Heap before GC invocations=4 (full 1):
 PSYoungGen      total 37888K, used 29025K [0x00000000d6000000, 0x00000000d9280000, 0x0000000100000000)
  eden space 32768K, 76% used [0x00000000d6000000,0x00000000d7897cb0,0x00000000d8000000)
  from space 5120K, 75% used [0x00000000d8500000,0x00000000d88c0980,0x00000000d8a00000)
  to   space 5120K, 0% used [0x00000000d8000000,0x00000000d8000000,0x00000000d8500000)
 ParOldGen       total 62464K, used 2115K [0x0000000082000000, 0x0000000085d00000, 0x00000000d6000000)
  object space 62464K, 3% used [0x0000000082000000,0x0000000082210fa0,0x0000000085d00000)
 Metaspace       used 11453K, capacity 11628K, committed 11776K, reserved 1067008K
  class space    used 1378K, capacity 1448K, committed 1536K, reserved 1048576K
Event: 3.088 GC heap after
Heap after GC invocations=4 (full 1):
 PSYoungGen      total 37888K, used 4236K [0x00000000d6000000, 0x00000000d9280000, 0x0000000100000000)
  eden space 32768K, 0% used [0x00000000d6000000,0x00000000d6000000,0x00000000d8000000)
  from space 5120K, 82% used [0x00000000d8000000,0x00000000d84232c0,0x00000000d8500000)
  to   space 5120K, 0% used [0x00000000d8500000,0x00000000d8500000,0x00000000d8a00000)
 ParOldGen       total 62464K, used 2123K [0x0000000082000000, 0x0000000085d00000, 0x00000000d6000000)
  object space 62464K, 3% used [0x0000000082000000,0x0000000082212fa0,0x0000000085d00000)
 Metaspace       used 11453K, capacity 11628K, committed 11776K, reserved 1067008K
  class space    used 1378K, capacity 1448K, committed 1536K, reserved 1048576K
}
Event: 3.088 GC heap before
{Heap before GC invocations=5 (full 2):
 PSYoungGen      total 37888K, used 4236K [0x00000000d6000000, 0x00000000d9280000, 0x0000000100000000)
  eden space 32768K, 0% used [0x00000000d6000000,0x00000000d6000000,0x00000000d8000000)
  from space 5120K, 82% used [0x00000000d8000000,0x00000000d84232c0,0x00000000d8500000)
  to   space 5120K, 0% used [0x00000000d8500000,0x00000000d8500000,0x00000000d8a00000)
 ParOldGen       total 62464K, used 2123K [0x0000000082000000, 0x0000000085d00000, 0x00000000d6000000)
  object space 62464K, 3% used [0x0000000082000000,0x0000000082212fa0,0x0000000085d00000)
 Metaspace       used 11453K, capacity 11628K, committed 11776K, reserved 1067008K
  class space    used 1378K, capacity 1448K, committed 1536K, reserved 1048576K

