# JRE version: Java(TM) SE Runtime Environment (8.0_20-b26) (build 1.8.0_20-b26)
# Java VM: Java HotSpot(TM) 64-Bit Server VM (25.20-b23 mixed mode windows-amd64 compressed oops)
Heap:
 PSYoungGen      total 109568K, used 30876K [0x00000000d6000000, 0x00000000de880000, 0x0000000100000000)
  eden space 100864K, 23% used [0x00000000d6000000,0x00000000d776b3d8,0x00000000dc280000)
  from space 8704K, 79% used [0x00000000dc280000,0x00000000dc93bcb8,0x00000000dcb00000)
  to   space 9216K, 0% used [0x00000000ddf80000,0x00000000ddf80000,0x00000000de880000)
 ParOldGen       total 55808K, used 11641K [0x0000000082000000, 0x0000000085680000, 0x00000000d6000000)
  object space 55808K, 20% used [0x0000000082000000,0x0000000082b5e420,0x0000000085680000)
 Metaspace       used 39147K, capacity 41940K, committed 42240K, reserved 1085440K
  class space    used 5371K, capacity 5832K, committed 5888K, reserved 1048576K
GC Heap History (10 events):
Event: 8.974 GC heap before
{Heap before GC invocations=9 (full 1):
 PSYoungGen      total 69632K, used 65613K [0x00000000d6000000, 0x00000000dbe00000, 0x0000000100000000)
  eden space 60928K, 100% used [0x00000000d6000000,0x00000000d9b80000,0x00000000d9b80000)
  from space 8704K, 53% used [0x00000000d9b80000,0x00000000da013488,0x00000000da400000)
  to   space 8704K, 0% used [0x00000000db580000,0x00000000db580000,0x00000000dbe00000)
 ParOldGen       total 55808K, used 7333K [0x0000000082000000, 0x0000000085680000, 0x00000000d6000000)
  object space 55808K, 13% used [0x0000000082000000,0x0000000082729450,0x0000000085680000)
 Metaspace       used 29095K, capacity 30840K, committed 30976K, reserved 1075200K
  class space    used 3943K, capacity 4278K, committed 4352K, reserved 1048576K
Event: 8.983 GC heap after
Heap after GC invocations=9 (full 1):
 PSYoungGen      total 87552K, used 6934K [0x00000000d6000000, 0x00000000dca00000, 0x0000000100000000)
  eden space 78848K, 0% used [0x00000000d6000000,0x00000000d6000000,0x00000000dad00000)
  from space 8704K, 79% used [0x00000000db580000,0x00000000dbc45b68,0x00000000dbe00000)
  to   space 8704K, 0% used [0x00000000dad00000,0x00000000dad00000,0x00000000db580000)
 ParOldGen       total 55808K, used 7341K [0x0000000082000000, 0x0000000085680000, 0x00000000d6000000)
  object space 55808K, 13% used [0x0000000082000000,0x000000008272b450,0x0000000085680000)
 Metaspace       used 29095K, capacity 30840K, committed 30976K, reserved 1075200K
  class space    used 3943K, capacity 4278K, committed 4352K, reserved 1048576K
}
Event: 9.864 GC heap before
{Heap before GC invocations=10 (full 1):
 PSYoungGen      total 87552K, used 56100K [0x00000000d6000000, 0x00000000dca00000, 0x0000000100000000)
  eden space 78848K, 62% used [0x00000000d6000000,0x00000000d9003498,0x00000000dad00000)
  from space 8704K, 79% used [0x00000000db580000,0x00000000dbc45b68,0x00000000dbe00000)
  to   space 8704K, 0% used [0x00000000dad00000,0x00000000dad00000,0x00000000db580000)
 ParOldGen       total 55808K, used 7341K [0x0000000082000000, 0x0000000085680000, 0x00000000d6000000)
  object space 55808K, 13% used [0x0000000082000000,0x000000008272b450,0x0000000085680000)
 Metaspace       used 33523K, capacity 35448K, committed 35496K, reserved 1079296K
  class space    used 4508K, capacity 4854K, committed 4864K, reserved 1048576K
Event: 9.881 GC heap after
Heap after GC invocations=10 (full 1):
 PSYoungGen      total 87552K, used 6931K [0x00000000d6000000, 0x00000000dd800000, 0x0000000100000000)
  eden space 78848K, 0% used [0x00000000d6000000,0x00000000d6000000,0x00000000dad00000)
  from space 8704K, 79% used [0x00000000dad00000,0x00000000db3c4f70,0x00000000db580000)
  to   space 9216K, 0% used [0x00000000dcf00000,0x00000000dcf00000,0x00000000dd800000)
 ParOldGen       total 55808K, used 7413K [0x0000000082000000, 0x0000000085680000, 0x00000000d6000000)
  object space 55808K, 13% used [0x0000000082000000,0x000000008273d460,0x0000000085680000)
 Metaspace       used 33523K, capacity 35448K, committed 35496K, reserved 1079296K
  class space    used 4508K, capacity 4854K, committed 4864K, reserved 1048576K
}
Event: 9.881 GC heap before
{Heap before GC invocations=11 (full 2):
 PSYoungGen      total 87552K, used 6931K [0x00000000d6000000, 0x00000000dd800000, 0x0000000100000000)
  eden space 78848K, 0% used [0x00000000d6000000,0x00000000d6000000,0x00000000dad00000)
  from space 8704K, 79% used [0x00000000dad00000,0x00000000db3c4f70,0x00000000db580000)
  to   space 9216K, 0% used [0x00000000dcf00000,0x00000000dcf00000,0x00000000dd800000)
 ParOldGen       total 55808K, used 7413K [0x0000000082000000, 0x0000000085680000, 0x00000000d6000000)
  object space 55808K, 13% used [0x0000000082000000,0x000000008273d460,0x0000000085680000)
 Metaspace       used 33523K, capacity 35448K, committed 35496K, reserved 1079296K
  class space    used 4508K, capacity 4854K, committed 4864K, reserved 1048576K
Event: 9.985 GC heap after
Heap after GC invocations=11 (full 2):
 PSYoungGen      total 87552K, used 0K [0x00000000d6000000, 0x00000000dd800000, 0x0000000100000000)
  eden space 78848K, 0% used [0x00000000d6000000,0x00000000d6000000,0x00000000dad00000)
  from space 8704K, 0% used [0x00000000dad00000,0x00000000dad00000,0x00000000db580000)
  to   space 9216K, 0% used [0x00000000dcf00000,0x00000000dcf00000,0x00000000dd800000)
 ParOldGen       total 55808K, used 11633K [0x0000000082000000, 0x0000000085680000, 0x00000000d6000000)
  object space 55808K, 20% used [0x0000000082000000,0x0000000082b5c420,0x0000000085680000)
 Metaspace       used 33523K, capacity 35448K, committed 35496K, reserved 1079296K
  class space    used 4508K, capacity 4854K, committed 4864K, reserved 1048576K
}
Event: 11.197 GC heap before
{Heap before GC invocations=12 (full 2):
 PSYoungGen      total 87552K, used 78848K [0x00000000d6000000, 0x00000000dd800000, 0x0000000100000000)
  eden space 78848K, 100% used [0x00000000d6000000,0x00000000dad00000,0x00000000dad00000)
  from space 8704K, 0% used [0x00000000dad00000,0x00000000dad00000,0x00000000db580000)
  to   space 9216K, 0% used [0x00000000dcf00000,0x00000000dcf00000,0x00000000dd800000)
 ParOldGen       total 55808K, used 11633K [0x0000000082000000, 0x0000000085680000, 0x00000000d6000000)
  object space 55808K, 20% used [0x0000000082000000,0x0000000082b5c420,0x0000000085680000)
 Metaspace       used 35405K, capacity 37738K, committed 37888K, reserved 1081344K
  class space    used 4750K, capacity 5117K, committed 5120K, reserved 1048576K
Event: 11.211 GC heap after
Heap after GC invocations=12 (full 2):
 PSYoungGen      total 102912K, used 4607K [0x00000000d6000000, 0x00000000dd380000, 0x0000000100000000)
  eden space 98304K, 0% used [0x00000000d6000000,0x00000000d6000000,0x00000000dc000000)
  from space 4608K, 99% used [0x00000000dcf00000,0x00000000dd37fff8,0x00000000dd380000)
  to   space 8704K, 0% used [0x00000000dc280000,0x00000000dc280000,0x00000000dcb00000)
 ParOldGen       total 55808K, used 11633K [0x0000000082000000, 0x0000000085680000, 0x00000000d6000000)
  object space 55808K, 20% used [0x0000000082000000,0x0000000082b5c420,0x0000000085680000)
 Metaspace       used 35405K, capacity 37738K, committed 37888K, reserved 1081344K
  class space    used 4750K, capacity 5117K, committed 5120K, reserved 1048576K
}
Event: 13.026 GC heap before
{Heap before GC invocations=13 (full 2):
 PSYoungGen      total 102912K, used 102911K [0x00000000d6000000, 0x00000000dd380000, 0x0000000100000000)
  eden space 98304K, 100% used [0x00000000d6000000,0x00000000dc000000,0x00000000dc000000)
  from space 4608K, 99% used [0x00000000dcf00000,0x00000000dd37fff8,0x00000000dd380000)
  to   space 8704K, 0% used [0x00000000dc280000,0x00000000dc280000,0x00000000dcb00000)
 ParOldGen       total 55808K, used 11633K [0x0000000082000000, 0x0000000085680000, 0x00000000d6000000)
  object space 55808K, 20% used [0x0000000082000000,0x0000000082b5c420,0x0000000085680000)
 Metaspace       used 37704K, capacity 40410K, committed 40704K, reserved 1085440K
  class space    used 5098K, capacity 5537K, committed 5632K, reserved 1048576K
Event: 13.042 GC heap after
Heap after GC invocations=13 (full 2):
 PSYoungGen      total 109568K, used 6895K [0x00000000d6000000, 0x00000000de880000, 0x0000000100000000)
  eden space 100864K, 0% used [0x00000000d6000000,0x00000000d6000000,0x00000000dc280000)
  from space 8704K, 79% used [0x00000000dc280000,0x00000000dc93bcb8,0x00000000dcb00000)
  to   space 9216K, 0% used [0x00000000ddf80000,0x00000000ddf80000,0x00000000de880000)
 ParOldGen       total 55808K, used 11641K [0x0000000082000000, 0x0000000085680000, 0x00000000d6000000)
  object space 55808K, 20% used [0x0000000082000000,0x0000000082b5e420,0x0000000085680000)
 Metaspace       used 37704K, capacity 40410K, committed 40704K, reserved 1085440K
  class space    used 5098K, capacity 5537K, committed 5632K, reserved 1048576K
}

